<?xml version="1.0" encoding="UTF-8"?>
<!-- Generated by org.testng.reporters.JUnitReportReporter -->
<testsuite hostname="LTIN200744" failures="0" tests="2" name="PageObjectModel.TestNgExecution" time="110.694" errors="0" timestamp="2024-03-04T23:59:19 IST" skipped="0">
  <testcase classname="PageObjectModel.TestNgExecution" name="Page1" time="93.812"/>
  <testcase classname="PageObjectModel.TestNgExecution" name="Page2" time="16.882"/>
</testsuite> <!-- PageObjectModel.TestNgExecution -->
