<?xml version="1.0" encoding="UTF-8"?>
<!-- Generated by org.testng.reporters.JUnitReportReporter -->
<testsuite hostname="LTIN200744" failures="0" tests="2" name="PageObjectModel.TestNgExecution" time="84.720" errors="0" timestamp="2024-03-05T11:11:21 IST" skipped="0">
  <testcase classname="PageObjectModel.TestNgExecution" name="Page1" time="63.896"/>
  <testcase classname="PageObjectModel.TestNgExecution" name="Page2" time="20.824"/>
</testsuite> <!-- PageObjectModel.TestNgExecution -->
